{"C:\\Users\\aurel\\Documents\\MMI S6\\MMIPokemon\\src\\app.js": {"path":"C:\\Users\\aurel\\Documents\\MMI S6\\MMIPokemon\\src\\app.js","statementMap":{"0":{"start":{"line":1,"column":16},"end":{"line":1,"column":34}},"1":{"start":{"line":2,"column":12},"end":{"line":2,"column":21}},"2":{"start":{"line":3,"column":19},"end":{"line":3,"column":38}},"3":{"start":{"line":4,"column":14},"end":{"line":4,"column":29}},"4":{"start":{"line":7,"column":0},"end":{"line":7,"column":24}},"5":{"start":{"line":8,"column":0},"end":{"line":11,"column":4}},"6":{"start":{"line":14,"column":0},"end":{"line":14,"column":28}},"7":{"start":{"line":16,"column":0},"end":{"line":16,"column":21}}},"fnMap":{},"branchMap":{},"s":{"0":3,"1":3,"2":3,"3":3,"4":3,"5":3,"6":3,"7":3},"f":{},"b":{},"_coverageSchema":"1a1c01bbd47fc00a2c39e90264f33305004495a9","hash":"193edc8b198c8af46e4229c2a968fa435fb435bf"}
,"C:\\Users\\aurel\\Documents\\MMI S6\\MMIPokemon\\src\\controllers\\auth.controller.js": {"path":"C:\\Users\\aurel\\Documents\\MMI S6\\MMIPokemon\\src\\controllers\\auth.controller.js","statementMap":{"0":{"start":{"line":2,"column":0},"end":{"line":2,"column":38}},"1":{"start":{"line":3,"column":13},"end":{"line":3,"column":44}},"2":{"start":{"line":4,"column":15},"end":{"line":4,"column":32}},"3":{"start":{"line":5,"column":12},"end":{"line":5,"column":35}},"4":{"start":{"line":6,"column":16},"end":{"line":6,"column":50}},"5":{"start":{"line":8,"column":0},"end":{"line":49,"column":2}},"6":{"start":{"line":9,"column":2},"end":{"line":48,"column":3}},"7":{"start":{"line":10,"column":35},"end":{"line":10,"column":43}},"8":{"start":{"line":12,"column":4},"end":{"line":13,"column":64}},"9":{"start":{"line":13,"column":6},"end":{"line":13,"column":64}},"10":{"start":{"line":15,"column":21},"end":{"line":15,"column":53}},"11":{"start":{"line":16,"column":4},"end":{"line":17,"column":74}},"12":{"start":{"line":17,"column":6},"end":{"line":17,"column":74}},"13":{"start":{"line":19,"column":27},"end":{"line":19,"column":58}},"14":{"start":{"line":22,"column":17},"end":{"line":26,"column":6}},"15":{"start":{"line":29,"column":4},"end":{"line":35,"column":7}},"16":{"start":{"line":38,"column":25},"end":{"line":42,"column":5}},"17":{"start":{"line":44,"column":4},"end":{"line":44,"column":39}},"18":{"start":{"line":47,"column":4},"end":{"line":47,"column":51}},"19":{"start":{"line":51,"column":0},"end":{"line":62,"column":2}},"20":{"start":{"line":52,"column":33},"end":{"line":52,"column":41}},"21":{"start":{"line":53,"column":15},"end":{"line":53,"column":47}},"22":{"start":{"line":54,"column":2},"end":{"line":54,"column":77}},"23":{"start":{"line":54,"column":13},"end":{"line":54,"column":77}},"24":{"start":{"line":56,"column":16},"end":{"line":56,"column":61}},"25":{"start":{"line":57,"column":2},"end":{"line":57,"column":78}},"26":{"start":{"line":57,"column":14},"end":{"line":57,"column":78}},"27":{"start":{"line":59,"column":16},"end":{"line":59,"column":129}},"28":{"start":{"line":61,"column":2},"end":{"line":61,"column":22}},"29":{"start":{"line":64,"column":0},"end":{"line":69,"column":2}},"30":{"start":{"line":65,"column":2},"end":{"line":68,"column":5}}},"fnMap":{"0":{"name":"(anonymous_0)","decl":{"start":{"line":8,"column":19},"end":{"line":8,"column":20}},"loc":{"start":{"line":8,"column":39},"end":{"line":49,"column":1}},"line":8},"1":{"name":"(anonymous_1)","decl":{"start":{"line":51,"column":16},"end":{"line":51,"column":17}},"loc":{"start":{"line":51,"column":36},"end":{"line":62,"column":1}},"line":51},"2":{"name":"(anonymous_2)","decl":{"start":{"line":64,"column":20},"end":{"line":64,"column":21}},"loc":{"start":{"line":64,"column":40},"end":{"line":69,"column":1}},"line":64}},"branchMap":{"0":{"loc":{"start":{"line":12,"column":4},"end":{"line":13,"column":64}},"type":"if","locations":[{"start":{"line":12,"column":4},"end":{"line":13,"column":64}},{"start":{},"end":{}}],"line":12},"1":{"loc":{"start":{"line":12,"column":8},"end":{"line":12,"column":30}},"type":"binary-expr","locations":[{"start":{"line":12,"column":8},"end":{"line":12,"column":17}},{"start":{"line":12,"column":21},"end":{"line":12,"column":30}}],"line":12},"2":{"loc":{"start":{"line":16,"column":4},"end":{"line":17,"column":74}},"type":"if","locations":[{"start":{"line":16,"column":4},"end":{"line":17,"column":74}},{"start":{},"end":{}}],"line":16},"3":{"loc":{"start":{"line":54,"column":2},"end":{"line":54,"column":77}},"type":"if","locations":[{"start":{"line":54,"column":2},"end":{"line":54,"column":77}},{"start":{},"end":{}}],"line":54},"4":{"loc":{"start":{"line":57,"column":2},"end":{"line":57,"column":78}},"type":"if","locations":[{"start":{"line":57,"column":2},"end":{"line":57,"column":78}},{"start":{},"end":{}}],"line":57}},"s":{"0":3,"1":3,"2":3,"3":3,"4":3,"5":3,"6":1,"7":1,"8":1,"9":0,"10":1,"11":1,"12":0,"13":1,"14":1,"15":1,"16":1,"17":1,"18":0,"19":3,"20":7,"21":7,"22":7,"23":0,"24":7,"25":7,"26":1,"27":6,"28":6,"29":3,"30":0},"f":{"0":1,"1":7,"2":0},"b":{"0":[0,1],"1":[1,1],"2":[0,1],"3":[0,7],"4":[1,6]},"_coverageSchema":"1a1c01bbd47fc00a2c39e90264f33305004495a9","hash":"eee4638f52e93f3d42452b218f7cb0a354656927"}
,"C:\\Users\\aurel\\Documents\\MMI S6\\MMIPokemon\\src\\controllers\\pkmnType.controller.js": {"path":"C:\\Users\\aurel\\Documents\\MMI S6\\MMIPokemon\\src\\controllers\\pkmnType.controller.js","statementMap":{"0":{"start":{"line":1,"column":20},"end":{"line":1,"column":59}},"1":{"start":{"line":3,"column":0},"end":{"line":10,"column":2}},"2":{"start":{"line":4,"column":16},"end":{"line":4,"column":41}},"3":{"start":{"line":6,"column":2},"end":{"line":9,"column":5}}},"fnMap":{"0":{"name":"(anonymous_0)","decl":{"start":{"line":3,"column":19},"end":{"line":3,"column":20}},"loc":{"start":{"line":3,"column":33},"end":{"line":10,"column":1}},"line":3}},"branchMap":{},"s":{"0":3,"1":3,"2":0,"3":0},"f":{"0":0},"b":{},"_coverageSchema":"1a1c01bbd47fc00a2c39e90264f33305004495a9","hash":"7be3ea9d83877f23a027609c5c34f49da49425cc"}
,"C:\\Users\\aurel\\Documents\\MMI S6\\MMIPokemon\\src\\controllers\\pokemon.controller.js": {"path":"C:\\Users\\aurel\\Documents\\MMI S6\\MMIPokemon\\src\\controllers\\pokemon.controller.js","statementMap":{"0":{"start":{"line":1,"column":16},"end":{"line":1,"column":54}},"1":{"start":{"line":4,"column":0},"end":{"line":11,"column":2}},"2":{"start":{"line":5,"column":2},"end":{"line":10,"column":3}},"3":{"start":{"line":6,"column":20},"end":{"line":6,"column":50}},"4":{"start":{"line":7,"column":4},"end":{"line":7,"column":34}},"5":{"start":{"line":9,"column":4},"end":{"line":9,"column":51}},"6":{"start":{"line":14,"column":0},"end":{"line":22,"column":2}},"7":{"start":{"line":15,"column":2},"end":{"line":21,"column":3}},"8":{"start":{"line":16,"column":20},"end":{"line":16,"column":85}},"9":{"start":{"line":17,"column":4},"end":{"line":17,"column":80}},"10":{"start":{"line":17,"column":18},"end":{"line":17,"column":80}},"11":{"start":{"line":18,"column":4},"end":{"line":18,"column":22}},"12":{"start":{"line":20,"column":4},"end":{"line":20,"column":51}},"13":{"start":{"line":25,"column":0},"end":{"line":39,"column":2}},"14":{"start":{"line":26,"column":2},"end":{"line":38,"column":3}},"15":{"start":{"line":27,"column":67},"end":{"line":27,"column":76}},"16":{"start":{"line":28,"column":19},"end":{"line":34,"column":6}},"17":{"start":{"line":35,"column":4},"end":{"line":35,"column":21}},"18":{"start":{"line":37,"column":4},"end":{"line":37,"column":51}},"19":{"start":{"line":42,"column":0},"end":{"line":50,"column":2}},"20":{"start":{"line":43,"column":2},"end":{"line":49,"column":3}},"21":{"start":{"line":44,"column":20},"end":{"line":44,"column":71}},"22":{"start":{"line":45,"column":4},"end":{"line":45,"column":80}},"23":{"start":{"line":45,"column":18},"end":{"line":45,"column":80}},"24":{"start":{"line":46,"column":4},"end":{"line":46,"column":22}},"25":{"start":{"line":48,"column":4},"end":{"line":48,"column":51}},"26":{"start":{"line":53,"column":0},"end":{"line":60,"column":2}},"27":{"start":{"line":54,"column":2},"end":{"line":59,"column":3}},"28":{"start":{"line":55,"column":4},"end":{"line":55,"column":46}},"29":{"start":{"line":56,"column":4},"end":{"line":56,"column":27}},"30":{"start":{"line":58,"column":4},"end":{"line":58,"column":51}},"31":{"start":{"line":63,"column":0},"end":{"line":71,"column":2}},"32":{"start":{"line":64,"column":2},"end":{"line":70,"column":3}},"33":{"start":{"line":65,"column":56},"end":{"line":65,"column":64}},"34":{"start":{"line":66,"column":20},"end":{"line":66,"column":84}},"35":{"start":{"line":67,"column":4},"end":{"line":67,"column":22}},"36":{"start":{"line":69,"column":4},"end":{"line":69,"column":51}},"37":{"start":{"line":74,"column":0},"end":{"line":82,"column":2}},"38":{"start":{"line":75,"column":2},"end":{"line":81,"column":3}},"39":{"start":{"line":76,"column":35},"end":{"line":76,"column":44}},"40":{"start":{"line":77,"column":4},"end":{"line":77,"column":51}},"41":{"start":{"line":78,"column":4},"end":{"line":78,"column":27}},"42":{"start":{"line":80,"column":4},"end":{"line":80,"column":51}},"43":{"start":{"line":85,"column":0},"end":{"line":92,"column":2}},"44":{"start":{"line":86,"column":2},"end":{"line":91,"column":3}},"45":{"start":{"line":87,"column":4},"end":{"line":87,"column":37}},"46":{"start":{"line":88,"column":4},"end":{"line":88,"column":66}},"47":{"start":{"line":90,"column":4},"end":{"line":90,"column":51}}},"fnMap":{"0":{"name":"(anonymous_0)","decl":{"start":{"line":4,"column":17},"end":{"line":4,"column":18}},"loc":{"start":{"line":4,"column":37},"end":{"line":11,"column":1}},"line":4},"1":{"name":"(anonymous_1)","decl":{"start":{"line":14,"column":17},"end":{"line":14,"column":18}},"loc":{"start":{"line":14,"column":37},"end":{"line":22,"column":1}},"line":14},"2":{"name":"(anonymous_2)","decl":{"start":{"line":25,"column":17},"end":{"line":25,"column":18}},"loc":{"start":{"line":25,"column":37},"end":{"line":39,"column":1}},"line":25},"3":{"name":"(anonymous_3)","decl":{"start":{"line":42,"column":17},"end":{"line":42,"column":18}},"loc":{"start":{"line":42,"column":37},"end":{"line":50,"column":1}},"line":42},"4":{"name":"(anonymous_4)","decl":{"start":{"line":53,"column":17},"end":{"line":53,"column":18}},"loc":{"start":{"line":53,"column":37},"end":{"line":60,"column":1}},"line":53},"5":{"name":"(anonymous_5)","decl":{"start":{"line":63,"column":20},"end":{"line":63,"column":21}},"loc":{"start":{"line":63,"column":40},"end":{"line":71,"column":1}},"line":63},"6":{"name":"(anonymous_6)","decl":{"start":{"line":74,"column":23},"end":{"line":74,"column":24}},"loc":{"start":{"line":74,"column":43},"end":{"line":82,"column":1}},"line":74},"7":{"name":"(anonymous_7)","decl":{"start":{"line":85,"column":20},"end":{"line":85,"column":21}},"loc":{"start":{"line":85,"column":40},"end":{"line":92,"column":1}},"line":85}},"branchMap":{"0":{"loc":{"start":{"line":17,"column":4},"end":{"line":17,"column":80}},"type":"if","locations":[{"start":{"line":17,"column":4},"end":{"line":17,"column":80}},{"start":{},"end":{}}],"line":17},"1":{"loc":{"start":{"line":27,"column":43},"end":{"line":27,"column":51}},"type":"default-arg","locations":[{"start":{"line":27,"column":50},"end":{"line":27,"column":51}}],"line":27},"2":{"loc":{"start":{"line":27,"column":53},"end":{"line":27,"column":62}},"type":"default-arg","locations":[{"start":{"line":27,"column":60},"end":{"line":27,"column":62}}],"line":27},"3":{"loc":{"start":{"line":45,"column":4},"end":{"line":45,"column":80}},"type":"if","locations":[{"start":{"line":45,"column":4},"end":{"line":45,"column":80}},{"start":{},"end":{}}],"line":45}},"s":{"0":3,"1":3,"2":1,"3":1,"4":1,"5":0,"6":3,"7":2,"8":2,"9":2,"10":1,"11":1,"12":0,"13":3,"14":1,"15":1,"16":1,"17":1,"18":0,"19":3,"20":1,"21":1,"22":1,"23":0,"24":1,"25":0,"26":3,"27":1,"28":1,"29":1,"30":0,"31":3,"32":1,"33":1,"34":1,"35":1,"36":0,"37":3,"38":1,"39":1,"40":1,"41":1,"42":0,"43":3,"44":0,"45":0,"46":0,"47":0},"f":{"0":1,"1":2,"2":1,"3":1,"4":1,"5":1,"6":1,"7":0},"b":{"0":[1,1],"1":[1],"2":[1],"3":[0,1]},"_coverageSchema":"1a1c01bbd47fc00a2c39e90264f33305004495a9","hash":"e53a7563763f7c2da4f98fcdaf54b8ab7fe4774e"}
,"C:\\Users\\aurel\\Documents\\MMI S6\\MMIPokemon\\src\\controllers\\trainer.controller.js": {"path":"C:\\Users\\aurel\\Documents\\MMI S6\\MMIPokemon\\src\\controllers\\trainer.controller.js","statementMap":{"0":{"start":{"line":1,"column":23},"end":{"line":1,"column":61}},"1":{"start":{"line":4,"column":0},"end":{"line":20,"column":2}},"2":{"start":{"line":5,"column":2},"end":{"line":19,"column":3}},"3":{"start":{"line":6,"column":36},"end":{"line":6,"column":44}},"4":{"start":{"line":8,"column":20},"end":{"line":12,"column":5}},"5":{"start":{"line":14,"column":19},"end":{"line":14,"column":81}},"6":{"start":{"line":15,"column":4},"end":{"line":15,"column":37}},"7":{"start":{"line":17,"column":4},"end":{"line":17,"column":23}},"8":{"start":{"line":18,"column":4},"end":{"line":18,"column":51}},"9":{"start":{"line":23,"column":0},"end":{"line":33,"column":2}},"10":{"start":{"line":24,"column":2},"end":{"line":32,"column":3}},"11":{"start":{"line":25,"column":20},"end":{"line":25,"column":70}},"12":{"start":{"line":26,"column":4},"end":{"line":26,"column":81}},"13":{"start":{"line":26,"column":18},"end":{"line":26,"column":81}},"14":{"start":{"line":28,"column":4},"end":{"line":28,"column":34}},"15":{"start":{"line":30,"column":4},"end":{"line":30,"column":23}},"16":{"start":{"line":31,"column":4},"end":{"line":31,"column":51}},"17":{"start":{"line":35,"column":0},"end":{"line":43,"column":2}},"18":{"start":{"line":36,"column":2},"end":{"line":42,"column":3}},"19":{"start":{"line":37,"column":20},"end":{"line":37,"column":83}},"20":{"start":{"line":38,"column":4},"end":{"line":38,"column":34}},"21":{"start":{"line":40,"column":4},"end":{"line":40,"column":23}},"22":{"start":{"line":41,"column":4},"end":{"line":41,"column":51}},"23":{"start":{"line":46,"column":0},"end":{"line":56,"column":2}},"24":{"start":{"line":47,"column":2},"end":{"line":55,"column":3}},"25":{"start":{"line":48,"column":20},"end":{"line":48,"column":73}},"26":{"start":{"line":49,"column":4},"end":{"line":49,"column":81}},"27":{"start":{"line":49,"column":18},"end":{"line":49,"column":81}},"28":{"start":{"line":51,"column":4},"end":{"line":51,"column":27}},"29":{"start":{"line":53,"column":4},"end":{"line":53,"column":23}},"30":{"start":{"line":54,"column":4},"end":{"line":54,"column":51}},"31":{"start":{"line":59,"column":0},"end":{"line":73,"column":2}},"32":{"start":{"line":60,"column":2},"end":{"line":72,"column":3}},"33":{"start":{"line":61,"column":35},"end":{"line":61,"column":43}},"34":{"start":{"line":62,"column":4},"end":{"line":63,"column":78}},"35":{"start":{"line":63,"column":6},"end":{"line":63,"column":78}},"36":{"start":{"line":65,"column":20},"end":{"line":65,"column":91}},"37":{"start":{"line":66,"column":4},"end":{"line":66,"column":81}},"38":{"start":{"line":66,"column":18},"end":{"line":66,"column":81}},"39":{"start":{"line":68,"column":4},"end":{"line":68,"column":34}},"40":{"start":{"line":70,"column":4},"end":{"line":70,"column":23}},"41":{"start":{"line":71,"column":4},"end":{"line":71,"column":51}}},"fnMap":{"0":{"name":"(anonymous_0)","decl":{"start":{"line":4,"column":24},"end":{"line":4,"column":25}},"loc":{"start":{"line":4,"column":44},"end":{"line":20,"column":1}},"line":4},"1":{"name":"(anonymous_1)","decl":{"start":{"line":23,"column":21},"end":{"line":23,"column":22}},"loc":{"start":{"line":23,"column":41},"end":{"line":33,"column":1}},"line":23},"2":{"name":"(anonymous_2)","decl":{"start":{"line":35,"column":24},"end":{"line":35,"column":25}},"loc":{"start":{"line":35,"column":44},"end":{"line":43,"column":1}},"line":35},"3":{"name":"(anonymous_3)","decl":{"start":{"line":46,"column":24},"end":{"line":46,"column":25}},"loc":{"start":{"line":46,"column":44},"end":{"line":56,"column":1}},"line":46},"4":{"name":"(anonymous_4)","decl":{"start":{"line":59,"column":22},"end":{"line":59,"column":23}},"loc":{"start":{"line":59,"column":42},"end":{"line":73,"column":1}},"line":59}},"branchMap":{"0":{"loc":{"start":{"line":14,"column":19},"end":{"line":14,"column":81}},"type":"cond-expr","locations":[{"start":{"line":14,"column":72},"end":{"line":14,"column":75}},{"start":{"line":14,"column":78},"end":{"line":14,"column":81}}],"line":14},"1":{"loc":{"start":{"line":14,"column":19},"end":{"line":14,"column":69}},"type":"binary-expr","locations":[{"start":{"line":14,"column":19},"end":{"line":14,"column":30}},{"start":{"line":14,"column":34},"end":{"line":14,"column":69}}],"line":14},"2":{"loc":{"start":{"line":26,"column":4},"end":{"line":26,"column":81}},"type":"if","locations":[{"start":{"line":26,"column":4},"end":{"line":26,"column":81}},{"start":{},"end":{}}],"line":26},"3":{"loc":{"start":{"line":49,"column":4},"end":{"line":49,"column":81}},"type":"if","locations":[{"start":{"line":49,"column":4},"end":{"line":49,"column":81}},{"start":{},"end":{}}],"line":49},"4":{"loc":{"start":{"line":62,"column":4},"end":{"line":63,"column":78}},"type":"if","locations":[{"start":{"line":62,"column":4},"end":{"line":63,"column":78}},{"start":{},"end":{}}],"line":62},"5":{"loc":{"start":{"line":62,"column":8},"end":{"line":62,"column":50}},"type":"binary-expr","locations":[{"start":{"line":62,"column":8},"end":{"line":62,"column":15}},{"start":{"line":62,"column":19},"end":{"line":62,"column":50}}],"line":62},"6":{"loc":{"start":{"line":66,"column":4},"end":{"line":66,"column":81}},"type":"if","locations":[{"start":{"line":66,"column":4},"end":{"line":66,"column":81}},{"start":{},"end":{}}],"line":66}},"s":{"0":3,"1":3,"2":5,"3":5,"4":5,"5":5,"6":5,"7":0,"8":0,"9":3,"10":1,"11":1,"12":1,"13":0,"14":1,"15":0,"16":0,"17":3,"18":1,"19":1,"20":1,"21":0,"22":0,"23":3,"24":1,"25":1,"26":1,"27":0,"28":1,"29":0,"30":0,"31":3,"32":2,"33":2,"34":2,"35":0,"36":2,"37":2,"38":0,"39":2,"40":0,"41":0},"f":{"0":5,"1":1,"2":1,"3":1,"4":2},"b":{"0":[0,5],"1":[5,5],"2":[0,1],"3":[0,1],"4":[0,2],"5":[2,2],"6":[0,2]},"_coverageSchema":"1a1c01bbd47fc00a2c39e90264f33305004495a9","hash":"823160722a657e2ea55c176f69ad8f9c2330ee17"}
,"C:\\Users\\aurel\\Documents\\MMI S6\\MMIPokemon\\src\\middlewares\\auth.middleware.js": {"path":"C:\\Users\\aurel\\Documents\\MMI S6\\MMIPokemon\\src\\middlewares\\auth.middleware.js","statementMap":{"0":{"start":{"line":1,"column":12},"end":{"line":1,"column":35}},"1":{"start":{"line":3,"column":0},"end":{"line":16,"column":2}},"2":{"start":{"line":4,"column":17},"end":{"line":4,"column":42}},"3":{"start":{"line":5,"column":2},"end":{"line":5,"column":68}},"4":{"start":{"line":5,"column":15},"end":{"line":5,"column":68}},"5":{"start":{"line":7,"column":16},"end":{"line":7,"column":36}},"6":{"start":{"line":9,"column":2},"end":{"line":15,"column":3}},"7":{"start":{"line":10,"column":20},"end":{"line":10,"column":61}},"8":{"start":{"line":11,"column":4},"end":{"line":11,"column":23}},"9":{"start":{"line":12,"column":4},"end":{"line":12,"column":11}},"10":{"start":{"line":14,"column":4},"end":{"line":14,"column":55}}},"fnMap":{"0":{"name":"(anonymous_0)","decl":{"start":{"line":3,"column":17},"end":{"line":3,"column":18}},"loc":{"start":{"line":3,"column":37},"end":{"line":16,"column":1}},"line":3}},"branchMap":{"0":{"loc":{"start":{"line":5,"column":2},"end":{"line":5,"column":68}},"type":"if","locations":[{"start":{"line":5,"column":2},"end":{"line":5,"column":68}},{"start":{},"end":{}}],"line":5}},"s":{"0":3,"1":3,"2":19,"3":19,"4":1,"5":18,"6":18,"7":18,"8":18,"9":18,"10":0},"f":{"0":19},"b":{"0":[1,18]},"_coverageSchema":"1a1c01bbd47fc00a2c39e90264f33305004495a9","hash":"576735971ce1d0e77bf05e21b9bd8f142a26f483"}
,"C:\\Users\\aurel\\Documents\\MMI S6\\MMIPokemon\\src\\middlewares\\role.middleware.js": {"path":"C:\\Users\\aurel\\Documents\\MMI S6\\MMIPokemon\\src\\middlewares\\role.middleware.js","statementMap":{"0":{"start":{"line":1,"column":0},"end":{"line":7,"column":2}},"1":{"start":{"line":2,"column":2},"end":{"line":6,"column":4}},"2":{"start":{"line":3,"column":4},"end":{"line":4,"column":60}},"3":{"start":{"line":4,"column":6},"end":{"line":4,"column":60}},"4":{"start":{"line":5,"column":4},"end":{"line":5,"column":11}}},"fnMap":{"0":{"name":"(anonymous_0)","decl":{"start":{"line":1,"column":18},"end":{"line":1,"column":19}},"loc":{"start":{"line":1,"column":28},"end":{"line":7,"column":1}},"line":1},"1":{"name":"(anonymous_1)","decl":{"start":{"line":2,"column":9},"end":{"line":2,"column":10}},"loc":{"start":{"line":2,"column":29},"end":{"line":6,"column":3}},"line":2}},"branchMap":{"0":{"loc":{"start":{"line":3,"column":4},"end":{"line":4,"column":60}},"type":"if","locations":[{"start":{"line":3,"column":4},"end":{"line":4,"column":60}},{"start":{},"end":{}}],"line":3}},"s":{"0":3,"1":9,"2":2,"3":0,"4":2},"f":{"0":9,"1":2},"b":{"0":[0,2]},"_coverageSchema":"1a1c01bbd47fc00a2c39e90264f33305004495a9","hash":"9dcc16ba7861f0d93da1721dcd3604b643f1108a"}
,"C:\\Users\\aurel\\Documents\\MMI S6\\MMIPokemon\\src\\models\\pkmnType.model.js": {"path":"C:\\Users\\aurel\\Documents\\MMI S6\\MMIPokemon\\src\\models\\pkmnType.model.js","statementMap":{"0":{"start":{"line":1,"column":17},"end":{"line":20,"column":1}},"1":{"start":{"line":22,"column":0},"end":{"line":22,"column":26}}},"fnMap":{},"branchMap":{},"s":{"0":4,"1":4},"f":{},"b":{},"_coverageSchema":"1a1c01bbd47fc00a2c39e90264f33305004495a9","hash":"45cc1a8bad27feda6701ab8d38eff720366f20cf"}
,"C:\\Users\\aurel\\Documents\\MMI S6\\MMIPokemon\\src\\models\\pokemon.model.js": {"path":"C:\\Users\\aurel\\Documents\\MMI S6\\MMIPokemon\\src\\models\\pokemon.model.js","statementMap":{"0":{"start":{"line":1,"column":17},"end":{"line":1,"column":36}},"1":{"start":{"line":3,"column":21},"end":{"line":6,"column":2}},"2":{"start":{"line":8,"column":22},"end":{"line":17,"column":2}},"3":{"start":{"line":14,"column":19},"end":{"line":14,"column":49}},"4":{"start":{"line":19,"column":0},"end":{"line":19,"column":58}}},"fnMap":{"0":{"name":"(anonymous_0)","decl":{"start":{"line":14,"column":14},"end":{"line":14,"column":15}},"loc":{"start":{"line":14,"column":19},"end":{"line":14,"column":49}},"line":14}},"branchMap":{"0":{"loc":{"start":{"line":14,"column":19},"end":{"line":14,"column":49}},"type":"binary-expr","locations":[{"start":{"line":14,"column":19},"end":{"line":14,"column":32}},{"start":{"line":14,"column":36},"end":{"line":14,"column":49}}],"line":14}},"s":{"0":3,"1":3,"2":3,"3":11,"4":3},"f":{"0":11},"b":{"0":[11,11]},"_coverageSchema":"1a1c01bbd47fc00a2c39e90264f33305004495a9","hash":"7ff3b63667152cb61c58fad52c61d1375c1c1635"}
,"C:\\Users\\aurel\\Documents\\MMI S6\\MMIPokemon\\src\\models\\trainer.model.js": {"path":"C:\\Users\\aurel\\Documents\\MMI S6\\MMIPokemon\\src\\models\\trainer.model.js","statementMap":{"0":{"start":{"line":1,"column":17},"end":{"line":1,"column":36}},"1":{"start":{"line":3,"column":22},"end":{"line":10,"column":2}},"2":{"start":{"line":12,"column":0},"end":{"line":12,"column":58}}},"fnMap":{},"branchMap":{},"s":{"0":3,"1":3,"2":3},"f":{},"b":{},"_coverageSchema":"1a1c01bbd47fc00a2c39e90264f33305004495a9","hash":"7e647d664fafb5b5c134eedfc34748e4139b7300"}
,"C:\\Users\\aurel\\Documents\\MMI S6\\MMIPokemon\\src\\models\\user.model.js": {"path":"C:\\Users\\aurel\\Documents\\MMI S6\\MMIPokemon\\src\\models\\user.model.js","statementMap":{"0":{"start":{"line":1,"column":17},"end":{"line":1,"column":36}},"1":{"start":{"line":3,"column":19},"end":{"line":11,"column":2}},"2":{"start":{"line":13,"column":0},"end":{"line":13,"column":52}}},"fnMap":{},"branchMap":{},"s":{"0":3,"1":3,"2":3},"f":{},"b":{},"_coverageSchema":"1a1c01bbd47fc00a2c39e90264f33305004495a9","hash":"985f31092637feca39ba1eed2d4494acb437ef4b"}
,"C:\\Users\\aurel\\Documents\\MMI S6\\MMIPokemon\\src\\routes\\auth.routes.js": {"path":"C:\\Users\\aurel\\Documents\\MMI S6\\MMIPokemon\\src\\routes\\auth.routes.js","statementMap":{"0":{"start":{"line":1,"column":16},"end":{"line":1,"column":34}},"1":{"start":{"line":2,"column":15},"end":{"line":2,"column":31}},"2":{"start":{"line":3,"column":23},"end":{"line":3,"column":64}},"3":{"start":{"line":4,"column":23},"end":{"line":4,"column":64}},"4":{"start":{"line":6,"column":0},"end":{"line":6,"column":50}},"5":{"start":{"line":7,"column":0},"end":{"line":7,"column":44}},"6":{"start":{"line":8,"column":0},"end":{"line":8,"column":68}},"7":{"start":{"line":9,"column":0},"end":{"line":9,"column":24}}},"fnMap":{},"branchMap":{},"s":{"0":3,"1":3,"2":3,"3":3,"4":3,"5":3,"6":3,"7":3},"f":{},"b":{},"_coverageSchema":"1a1c01bbd47fc00a2c39e90264f33305004495a9","hash":"2e318608427e8a927fba74d3caea3ee445a6ef58"}
,"C:\\Users\\aurel\\Documents\\MMI S6\\MMIPokemon\\src\\routes\\index.js": {"path":"C:\\Users\\aurel\\Documents\\MMI S6\\MMIPokemon\\src\\routes\\index.js","statementMap":{"0":{"start":{"line":1,"column":16},"end":{"line":1,"column":34}},"1":{"start":{"line":2,"column":15},"end":{"line":2,"column":31}},"2":{"start":{"line":4,"column":19},"end":{"line":4,"column":43}},"3":{"start":{"line":5,"column":19},"end":{"line":5,"column":45}},"4":{"start":{"line":6,"column":22},"end":{"line":6,"column":49}},"5":{"start":{"line":8,"column":0},"end":{"line":8,"column":32}},"6":{"start":{"line":9,"column":0},"end":{"line":9,"column":32}},"7":{"start":{"line":10,"column":0},"end":{"line":10,"column":38}},"8":{"start":{"line":12,"column":0},"end":{"line":12,"column":24}}},"fnMap":{},"branchMap":{},"s":{"0":3,"1":3,"2":3,"3":3,"4":3,"5":3,"6":3,"7":3,"8":3},"f":{},"b":{},"_coverageSchema":"1a1c01bbd47fc00a2c39e90264f33305004495a9","hash":"0f476d92c0109dac34ed3585c4d2d1242fb21e79"}
,"C:\\Users\\aurel\\Documents\\MMI S6\\MMIPokemon\\src\\routes\\pokemon.route.js": {"path":"C:\\Users\\aurel\\Documents\\MMI S6\\MMIPokemon\\src\\routes\\pokemon.route.js","statementMap":{"0":{"start":{"line":1,"column":15},"end":{"line":1,"column":42}},"1":{"start":{"line":2,"column":19},"end":{"line":2,"column":63}},"2":{"start":{"line":3,"column":27},"end":{"line":3,"column":72}},"3":{"start":{"line":4,"column":13},"end":{"line":4,"column":54}},"4":{"start":{"line":5,"column":13},"end":{"line":5,"column":54}},"5":{"start":{"line":6,"column":29},"end":{"line":6,"column":67}},"6":{"start":{"line":9,"column":0},"end":{"line":9,"column":50}},"7":{"start":{"line":13,"column":0},"end":{"line":13,"column":42}},"8":{"start":{"line":16,"column":0},"end":{"line":16,"column":47}},"9":{"start":{"line":19,"column":0},"end":{"line":19,"column":41}},"10":{"start":{"line":22,"column":0},"end":{"line":22,"column":64}},"11":{"start":{"line":25,"column":0},"end":{"line":25,"column":45}},"12":{"start":{"line":28,"column":0},"end":{"line":28,"column":51}},"13":{"start":{"line":29,"column":0},"end":{"line":29,"column":79}},"14":{"start":{"line":31,"column":0},"end":{"line":38,"column":3}},"15":{"start":{"line":32,"column":2},"end":{"line":37,"column":3}},"16":{"start":{"line":33,"column":19},"end":{"line":33,"column":43}},"17":{"start":{"line":34,"column":4},"end":{"line":34,"column":81}},"18":{"start":{"line":36,"column":4},"end":{"line":36,"column":51}},"19":{"start":{"line":41,"column":0},"end":{"line":41,"column":24}}},"fnMap":{"0":{"name":"(anonymous_0)","decl":{"start":{"line":31,"column":56},"end":{"line":31,"column":57}},"loc":{"start":{"line":31,"column":76},"end":{"line":38,"column":1}},"line":31}},"branchMap":{},"s":{"0":3,"1":3,"2":3,"3":3,"4":3,"5":3,"6":3,"7":3,"8":3,"9":3,"10":3,"11":3,"12":3,"13":3,"14":3,"15":0,"16":0,"17":0,"18":0,"19":3},"f":{"0":0},"b":{},"_coverageSchema":"1a1c01bbd47fc00a2c39e90264f33305004495a9","hash":"27ada13ae510e2bf2984955d2c00c2dbbf18cc15"}
,"C:\\Users\\aurel\\Documents\\MMI S6\\MMIPokemon\\src\\routes\\trainer.routes.js": {"path":"C:\\Users\\aurel\\Documents\\MMI S6\\MMIPokemon\\src\\routes\\trainer.routes.js","statementMap":{"0":{"start":{"line":1,"column":16},"end":{"line":1,"column":34}},"1":{"start":{"line":2,"column":15},"end":{"line":2,"column":31}},"2":{"start":{"line":3,"column":26},"end":{"line":3,"column":70}},"3":{"start":{"line":4,"column":23},"end":{"line":4,"column":64}},"4":{"start":{"line":7,"column":0},"end":{"line":7,"column":66}},"5":{"start":{"line":8,"column":0},"end":{"line":8,"column":62}},"6":{"start":{"line":9,"column":0},"end":{"line":9,"column":65}},"7":{"start":{"line":10,"column":0},"end":{"line":10,"column":68}},"8":{"start":{"line":13,"column":0},"end":{"line":13,"column":68}},"9":{"start":{"line":15,"column":0},"end":{"line":15,"column":24}}},"fnMap":{},"branchMap":{},"s":{"0":3,"1":3,"2":3,"3":3,"4":3,"5":3,"6":3,"7":3,"8":3,"9":3},"f":{},"b":{},"_coverageSchema":"1a1c01bbd47fc00a2c39e90264f33305004495a9","hash":"d352782042ed8b326e82285e68d022f66ab0f299"}
,"C:\\Users\\aurel\\Documents\\MMI S6\\MMIPokemon\\src\\services\\pkmnType.service.js": {"path":"C:\\Users\\aurel\\Documents\\MMI S6\\MMIPokemon\\src\\services\\pkmnType.service.js","statementMap":{"0":{"start":{"line":1,"column":17},"end":{"line":1,"column":52}},"1":{"start":{"line":3,"column":0},"end":{"line":5,"column":2}},"2":{"start":{"line":4,"column":2},"end":{"line":4,"column":18}}},"fnMap":{"0":{"name":"(anonymous_0)","decl":{"start":{"line":3,"column":22},"end":{"line":3,"column":23}},"loc":{"start":{"line":3,"column":28},"end":{"line":5,"column":1}},"line":3}},"branchMap":{},"s":{"0":4,"1":4,"2":4},"f":{"0":4},"b":{},"_coverageSchema":"1a1c01bbd47fc00a2c39e90264f33305004495a9","hash":"dea1b02f513f3facc4faa8667bb50e171f3a24f5"}
,"C:\\Users\\aurel\\Documents\\MMI S6\\MMIPokemon\\src\\services\\pokemon.service.js": {"path":"C:\\Users\\aurel\\Documents\\MMI S6\\MMIPokemon\\src\\services\\pokemon.service.js","statementMap":{"0":{"start":{"line":1,"column":16},"end":{"line":1,"column":50}},"1":{"start":{"line":2,"column":14},"end":{"line":2,"column":30}},"2":{"start":{"line":5,"column":15},"end":{"line":7,"column":1}},"3":{"start":{"line":6,"column":2},"end":{"line":6,"column":36}},"4":{"start":{"line":9,"column":16},"end":{"line":13,"column":1}},"5":{"start":{"line":10,"column":2},"end":{"line":10,"column":44}},"6":{"start":{"line":10,"column":10},"end":{"line":10,"column":44}},"7":{"start":{"line":11,"column":2},"end":{"line":11,"column":51}},"8":{"start":{"line":11,"column":12},"end":{"line":11,"column":51}},"9":{"start":{"line":12,"column":2},"end":{"line":12,"column":14}},"10":{"start":{"line":15,"column":15},"end":{"line":27,"column":1}},"11":{"start":{"line":16,"column":16},"end":{"line":16,"column":18}},"12":{"start":{"line":17,"column":2},"end":{"line":19,"column":3}},"13":{"start":{"line":18,"column":4},"end":{"line":18,"column":62}},"14":{"start":{"line":20,"column":2},"end":{"line":20,"column":71}},"15":{"start":{"line":20,"column":19},"end":{"line":20,"column":71}},"16":{"start":{"line":22,"column":15},"end":{"line":22,"column":32}},"17":{"start":{"line":23,"column":15},"end":{"line":23,"column":63}},"18":{"start":{"line":24,"column":16},"end":{"line":24,"column":51}},"19":{"start":{"line":26,"column":2},"end":{"line":26,"column":25}},"20":{"start":{"line":29,"column":22},"end":{"line":31,"column":1}},"21":{"start":{"line":30,"column":2},"end":{"line":30,"column":66}},"22":{"start":{"line":33,"column":22},"end":{"line":35,"column":1}},"23":{"start":{"line":34,"column":2},"end":{"line":34,"column":45}},"24":{"start":{"line":37,"column":18},"end":{"line":50,"column":1}},"25":{"start":{"line":38,"column":18},"end":{"line":38,"column":48}},"26":{"start":{"line":39,"column":2},"end":{"line":39,"column":53}},"27":{"start":{"line":39,"column":16},"end":{"line":39,"column":53}},"28":{"start":{"line":41,"column":22},"end":{"line":41,"column":81}},"29":{"start":{"line":41,"column":53},"end":{"line":41,"column":80}},"30":{"start":{"line":42,"column":2},"end":{"line":46,"column":3}},"31":{"start":{"line":43,"column":4},"end":{"line":43,"column":75}},"32":{"start":{"line":45,"column":4},"end":{"line":45,"column":62}},"33":{"start":{"line":48,"column":2},"end":{"line":48,"column":23}},"34":{"start":{"line":49,"column":2},"end":{"line":49,"column":17}},"35":{"start":{"line":52,"column":21},"end":{"line":58,"column":1}},"36":{"start":{"line":53,"column":18},"end":{"line":53,"column":48}},"37":{"start":{"line":54,"column":2},"end":{"line":54,"column":53}},"38":{"start":{"line":54,"column":16},"end":{"line":54,"column":53}},"39":{"start":{"line":56,"column":2},"end":{"line":56,"column":77}},"40":{"start":{"line":56,"column":48},"end":{"line":56,"column":75}},"41":{"start":{"line":57,"column":2},"end":{"line":57,"column":23}},"42":{"start":{"line":61,"column":21},"end":{"line":61,"column":56}},"43":{"start":{"line":62,"column":22},"end":{"line":62,"column":26}},"44":{"start":{"line":63,"column":19},"end":{"line":63,"column":21}},"45":{"start":{"line":65,"column":25},"end":{"line":95,"column":1}},"46":{"start":{"line":66,"column":2},"end":{"line":66,"column":46}},"47":{"start":{"line":67,"column":18},"end":{"line":67,"column":75}},"48":{"start":{"line":68,"column":21},"end":{"line":68,"column":41}},"49":{"start":{"line":69,"column":24},"end":{"line":69,"column":78}},"50":{"start":{"line":69,"column":71},"end":{"line":69,"column":77}},"51":{"start":{"line":71,"column":2},"end":{"line":92,"column":3}},"52":{"start":{"line":71,"column":15},"end":{"line":71,"column":16}},"53":{"start":{"line":72,"column":18},"end":{"line":72,"column":53}},"54":{"start":{"line":73,"column":21},"end":{"line":88,"column":6}},"55":{"start":{"line":74,"column":6},"end":{"line":74,"column":54}},"56":{"start":{"line":74,"column":42},"end":{"line":74,"column":54}},"57":{"start":{"line":75,"column":22},"end":{"line":75,"column":44}},"58":{"start":{"line":76,"column":19},"end":{"line":76,"column":31}},"59":{"start":{"line":78,"column":8},"end":{"line":80,"column":55}},"60":{"start":{"line":81,"column":6},"end":{"line":87,"column":8}},"61":{"start":{"line":85,"column":35},"end":{"line":85,"column":46}},"62":{"start":{"line":90,"column":22},"end":{"line":90,"column":67}},"63":{"start":{"line":91,"column":4},"end":{"line":91,"column":66}},"64":{"start":{"line":91,"column":30},"end":{"line":91,"column":66}},"65":{"start":{"line":94,"column":2},"end":{"line":94,"column":45}},"66":{"start":{"line":98,"column":0},"end":{"line":107,"column":2}}},"fnMap":{"0":{"name":"(anonymous_0)","decl":{"start":{"line":5,"column":15},"end":{"line":5,"column":16}},"loc":{"start":{"line":5,"column":31},"end":{"line":7,"column":1}},"line":5},"1":{"name":"(anonymous_1)","decl":{"start":{"line":9,"column":16},"end":{"line":9,"column":17}},"loc":{"start":{"line":9,"column":40},"end":{"line":13,"column":1}},"line":9},"2":{"name":"(anonymous_2)","decl":{"start":{"line":15,"column":15},"end":{"line":15,"column":16}},"loc":{"start":{"line":15,"column":81},"end":{"line":27,"column":1}},"line":15},"3":{"name":"(anonymous_3)","decl":{"start":{"line":29,"column":22},"end":{"line":29,"column":23}},"loc":{"start":{"line":29,"column":42},"end":{"line":31,"column":1}},"line":29},"4":{"name":"(anonymous_4)","decl":{"start":{"line":33,"column":22},"end":{"line":33,"column":23}},"loc":{"start":{"line":33,"column":36},"end":{"line":35,"column":1}},"line":33},"5":{"name":"(anonymous_5)","decl":{"start":{"line":37,"column":18},"end":{"line":37,"column":19}},"loc":{"start":{"line":37,"column":69},"end":{"line":50,"column":1}},"line":37},"6":{"name":"(anonymous_6)","decl":{"start":{"line":41,"column":48},"end":{"line":41,"column":49}},"loc":{"start":{"line":41,"column":53},"end":{"line":41,"column":80}},"line":41},"7":{"name":"(anonymous_7)","decl":{"start":{"line":52,"column":21},"end":{"line":52,"column":22}},"loc":{"start":{"line":52,"column":51},"end":{"line":58,"column":1}},"line":52},"8":{"name":"(anonymous_8)","decl":{"start":{"line":56,"column":43},"end":{"line":56,"column":44}},"loc":{"start":{"line":56,"column":48},"end":{"line":56,"column":75}},"line":56},"9":{"name":"(anonymous_9)","decl":{"start":{"line":65,"column":25},"end":{"line":65,"column":26}},"loc":{"start":{"line":65,"column":37},"end":{"line":95,"column":1}},"line":65},"10":{"name":"(anonymous_10)","decl":{"start":{"line":69,"column":66},"end":{"line":69,"column":67}},"loc":{"start":{"line":69,"column":71},"end":{"line":69,"column":77}},"line":69},"11":{"name":"(anonymous_11)","decl":{"start":{"line":73,"column":31},"end":{"line":73,"column":32}},"loc":{"start":{"line":73,"column":42},"end":{"line":88,"column":5}},"line":73},"12":{"name":"(anonymous_12)","decl":{"start":{"line":85,"column":30},"end":{"line":85,"column":31}},"loc":{"start":{"line":85,"column":35},"end":{"line":85,"column":46}},"line":85}},"branchMap":{"0":{"loc":{"start":{"line":10,"column":2},"end":{"line":10,"column":44}},"type":"if","locations":[{"start":{"line":10,"column":2},"end":{"line":10,"column":44}},{"start":{},"end":{}}],"line":10},"1":{"loc":{"start":{"line":11,"column":2},"end":{"line":11,"column":51}},"type":"if","locations":[{"start":{"line":11,"column":2},"end":{"line":11,"column":51}},{"start":{},"end":{}}],"line":11},"2":{"loc":{"start":{"line":15,"column":55},"end":{"line":15,"column":63}},"type":"default-arg","locations":[{"start":{"line":15,"column":62},"end":{"line":15,"column":63}}],"line":15},"3":{"loc":{"start":{"line":15,"column":65},"end":{"line":15,"column":74}},"type":"default-arg","locations":[{"start":{"line":15,"column":72},"end":{"line":15,"column":74}}],"line":15},"4":{"loc":{"start":{"line":17,"column":2},"end":{"line":19,"column":3}},"type":"if","locations":[{"start":{"line":17,"column":2},"end":{"line":19,"column":3}},{"start":{},"end":{}}],"line":17},"5":{"loc":{"start":{"line":17,"column":6},"end":{"line":17,"column":24}},"type":"binary-expr","locations":[{"start":{"line":17,"column":6},"end":{"line":17,"column":13}},{"start":{"line":17,"column":17},"end":{"line":17,"column":24}}],"line":17},"6":{"loc":{"start":{"line":20,"column":2},"end":{"line":20,"column":71}},"type":"if","locations":[{"start":{"line":20,"column":2},"end":{"line":20,"column":71}},{"start":{},"end":{}}],"line":20},"7":{"loc":{"start":{"line":39,"column":2},"end":{"line":39,"column":53}},"type":"if","locations":[{"start":{"line":39,"column":2},"end":{"line":39,"column":53}},{"start":{},"end":{}}],"line":39},"8":{"loc":{"start":{"line":42,"column":2},"end":{"line":46,"column":3}},"type":"if","locations":[{"start":{"line":42,"column":2},"end":{"line":46,"column":3}},{"start":{"line":44,"column":9},"end":{"line":46,"column":3}}],"line":42},"9":{"loc":{"start":{"line":54,"column":2},"end":{"line":54,"column":53}},"type":"if","locations":[{"start":{"line":54,"column":2},"end":{"line":54,"column":53}},{"start":{},"end":{}}],"line":54},"10":{"loc":{"start":{"line":74,"column":6},"end":{"line":74,"column":54}},"type":"if","locations":[{"start":{"line":74,"column":6},"end":{"line":74,"column":54}},{"start":{},"end":{}}],"line":74},"11":{"loc":{"start":{"line":78,"column":8},"end":{"line":80,"column":55}},"type":"binary-expr","locations":[{"start":{"line":78,"column":8},"end":{"line":78,"column":64}},{"start":{"line":79,"column":8},"end":{"line":79,"column":35}},{"start":{"line":80,"column":8},"end":{"line":80,"column":55}}],"line":78},"12":{"loc":{"start":{"line":91,"column":4},"end":{"line":91,"column":66}},"type":"if","locations":[{"start":{"line":91,"column":4},"end":{"line":91,"column":66}},{"start":{},"end":{}}],"line":91}},"s":{"0":3,"1":3,"2":3,"3":1,"4":3,"5":2,"6":0,"7":2,"8":2,"9":0,"10":3,"11":1,"12":1,"13":1,"14":1,"15":1,"16":1,"17":1,"18":1,"19":1,"20":3,"21":1,"22":3,"23":1,"24":3,"25":1,"26":1,"27":0,"28":1,"29":0,"30":1,"31":0,"32":1,"33":1,"34":1,"35":3,"36":1,"37":1,"38":0,"39":1,"40":1,"41":1,"42":3,"43":3,"44":3,"45":3,"46":0,"47":0,"48":0,"49":0,"50":0,"51":0,"52":0,"53":0,"54":0,"55":0,"56":0,"57":0,"58":0,"59":0,"60":0,"61":0,"62":0,"63":0,"64":0,"65":0,"66":3},"f":{"0":1,"1":2,"2":1,"3":1,"4":1,"5":1,"6":0,"7":1,"8":1,"9":0,"10":0,"11":0,"12":0},"b":{"0":[0,2],"1":[2,0],"2":[0],"3":[0],"4":[1,0],"5":[1,0],"6":[1,0],"7":[0,1],"8":[0,1],"9":[0,1],"10":[0,0],"11":[0,0,0],"12":[0,0]},"_coverageSchema":"1a1c01bbd47fc00a2c39e90264f33305004495a9","hash":"811b03fd6956506cb640426b0a0f34d87975af5e"}
,"C:\\Users\\aurel\\Documents\\MMI S6\\MMIPokemon\\src\\services\\trainer.service.js": {"path":"C:\\Users\\aurel\\Documents\\MMI S6\\MMIPokemon\\src\\services\\trainer.service.js","statementMap":{"0":{"start":{"line":1,"column":16},"end":{"line":1,"column":50}},"1":{"start":{"line":2,"column":16},"end":{"line":2,"column":50}},"2":{"start":{"line":7,"column":4},"end":{"line":7,"column":54}},"3":{"start":{"line":7,"column":19},"end":{"line":7,"column":54}},"4":{"start":{"line":8,"column":4},"end":{"line":8,"column":47}},"5":{"start":{"line":13,"column":18},"end":{"line":13,"column":50}},"6":{"start":{"line":14,"column":4},"end":{"line":22,"column":5}},"7":{"start":{"line":15,"column":6},"end":{"line":21,"column":9}},"8":{"start":{"line":23,"column":4},"end":{"line":23,"column":19}},"9":{"start":{"line":28,"column":18},"end":{"line":28,"column":50}},"10":{"start":{"line":29,"column":4},"end":{"line":29,"column":32}},"11":{"start":{"line":29,"column":17},"end":{"line":29,"column":32}},"12":{"start":{"line":31,"column":4},"end":{"line":37,"column":7}},"13":{"start":{"line":39,"column":4},"end":{"line":39,"column":19}},"14":{"start":{"line":43,"column":20},"end":{"line":43,"column":51}},"15":{"start":{"line":44,"column":4},"end":{"line":44,"column":39}},"16":{"start":{"line":45,"column":4},"end":{"line":45,"column":25}},"17":{"start":{"line":46,"column":4},"end":{"line":46,"column":19}},"18":{"start":{"line":51,"column":20},"end":{"line":51,"column":52}},"19":{"start":{"line":52,"column":4},"end":{"line":52,"column":30}},"20":{"start":{"line":52,"column":18},"end":{"line":52,"column":30}},"21":{"start":{"line":54,"column":4},"end":{"line":54,"column":42}},"22":{"start":{"line":55,"column":4},"end":{"line":55,"column":19}},"23":{"start":{"line":59,"column":20},"end":{"line":59,"column":51}},"24":{"start":{"line":60,"column":17},"end":{"line":60,"column":47}},"25":{"start":{"line":61,"column":4},"end":{"line":61,"column":27}},"26":{"start":{"line":61,"column":15},"end":{"line":61,"column":27}},"27":{"start":{"line":63,"column":4},"end":{"line":67,"column":5}},"28":{"start":{"line":64,"column":6},"end":{"line":64,"column":78}},"29":{"start":{"line":64,"column":47},"end":{"line":64,"column":78}},"30":{"start":{"line":66,"column":6},"end":{"line":66,"column":76}},"31":{"start":{"line":66,"column":46},"end":{"line":66,"column":76}},"32":{"start":{"line":69,"column":4},"end":{"line":69,"column":25}},"33":{"start":{"line":70,"column":4},"end":{"line":70,"column":19}},"34":{"start":{"line":74,"column":0},"end":{"line":74,"column":38}}},"fnMap":{"0":{"name":"(anonymous_0)","decl":{"start":{"line":6,"column":2},"end":{"line":6,"column":3}},"loc":{"start":{"line":6,"column":30},"end":{"line":9,"column":3}},"line":6},"1":{"name":"(anonymous_1)","decl":{"start":{"line":12,"column":2},"end":{"line":12,"column":3}},"loc":{"start":{"line":12,"column":29},"end":{"line":24,"column":3}},"line":12},"2":{"name":"(anonymous_2)","decl":{"start":{"line":27,"column":2},"end":{"line":27,"column":3}},"loc":{"start":{"line":27,"column":58},"end":{"line":40,"column":3}},"line":27},"3":{"name":"(anonymous_3)","decl":{"start":{"line":42,"column":2},"end":{"line":42,"column":3}},"loc":{"start":{"line":42,"column":44},"end":{"line":47,"column":3}},"line":42},"4":{"name":"(anonymous_4)","decl":{"start":{"line":50,"column":2},"end":{"line":50,"column":3}},"loc":{"start":{"line":50,"column":32},"end":{"line":56,"column":3}},"line":50},"5":{"name":"(anonymous_5)","decl":{"start":{"line":58,"column":2},"end":{"line":58,"column":3}},"loc":{"start":{"line":58,"column":50},"end":{"line":71,"column":3}},"line":58}},"branchMap":{"0":{"loc":{"start":{"line":7,"column":4},"end":{"line":7,"column":54}},"type":"if","locations":[{"start":{"line":7,"column":4},"end":{"line":7,"column":54}},{"start":{},"end":{}}],"line":7},"1":{"loc":{"start":{"line":14,"column":4},"end":{"line":22,"column":5}},"type":"if","locations":[{"start":{"line":14,"column":4},"end":{"line":22,"column":5}},{"start":{},"end":{}}],"line":14},"2":{"loc":{"start":{"line":27,"column":45},"end":{"line":27,"column":56}},"type":"default-arg","locations":[{"start":{"line":27,"column":54},"end":{"line":27,"column":56}}],"line":27},"3":{"loc":{"start":{"line":29,"column":4},"end":{"line":29,"column":32}},"type":"if","locations":[{"start":{"line":29,"column":4},"end":{"line":29,"column":32}},{"start":{},"end":{}}],"line":29},"4":{"loc":{"start":{"line":33,"column":19},"end":{"line":33,"column":42}},"type":"binary-expr","locations":[{"start":{"line":33,"column":19},"end":{"line":33,"column":30}},{"start":{"line":33,"column":34},"end":{"line":33,"column":42}}],"line":33},"5":{"loc":{"start":{"line":52,"column":4},"end":{"line":52,"column":30}},"type":"if","locations":[{"start":{"line":52,"column":4},"end":{"line":52,"column":30}},{"start":{},"end":{}}],"line":52},"6":{"loc":{"start":{"line":61,"column":4},"end":{"line":61,"column":27}},"type":"if","locations":[{"start":{"line":61,"column":4},"end":{"line":61,"column":27}},{"start":{},"end":{}}],"line":61},"7":{"loc":{"start":{"line":63,"column":4},"end":{"line":67,"column":5}},"type":"if","locations":[{"start":{"line":63,"column":4},"end":{"line":67,"column":5}},{"start":{"line":65,"column":11},"end":{"line":67,"column":5}}],"line":63},"8":{"loc":{"start":{"line":64,"column":6},"end":{"line":64,"column":78}},"type":"if","locations":[{"start":{"line":64,"column":6},"end":{"line":64,"column":78}},{"start":{},"end":{}}],"line":64},"9":{"loc":{"start":{"line":66,"column":6},"end":{"line":66,"column":76}},"type":"if","locations":[{"start":{"line":66,"column":6},"end":{"line":66,"column":76}},{"start":{},"end":{}}],"line":66}},"s":{"0":3,"1":3,"2":10,"3":0,"4":10,"5":4,"6":4,"7":0,"8":4,"9":5,"10":5,"11":0,"12":5,"13":5,"14":1,"15":1,"16":1,"17":1,"18":1,"19":1,"20":0,"21":1,"22":1,"23":2,"24":2,"25":2,"26":0,"27":2,"28":1,"29":1,"30":1,"31":1,"32":2,"33":2,"34":3},"f":{"0":10,"1":4,"2":5,"3":1,"4":1,"5":2},"b":{"0":[0,10],"1":[0,4],"2":[0],"3":[0,5],"4":[5,0],"5":[0,1],"6":[0,2],"7":[1,1],"8":[1,0],"9":[1,0]},"_coverageSchema":"1a1c01bbd47fc00a2c39e90264f33305004495a9","hash":"7f3efaa0032a5df830abdddaeaf3d21663a3545f"}
}
