TN:
SF:src\app.js
FNF:0
FNH:0
DA:1,3
DA:2,3
DA:3,3
DA:4,3
DA:7,3
DA:8,3
DA:14,3
DA:16,3
LF:8
LH:8
BRF:0
BRH:0
end_of_record
TN:
SF:src\controllers\auth.controller.js
FN:8,(anonymous_0)
FN:51,(anonymous_1)
FN:64,(anonymous_2)
FNF:3
FNH:2
FNDA:1,(anonymous_0)
FNDA:7,(anonymous_1)
FNDA:0,(anonymous_2)
DA:2,3
DA:3,3
DA:4,3
DA:5,3
DA:6,3
DA:8,3
DA:9,1
DA:10,1
DA:12,1
DA:13,0
DA:15,1
DA:16,1
DA:17,0
DA:19,1
DA:22,1
DA:29,1
DA:38,1
DA:44,1
DA:47,0
DA:51,3
DA:52,7
DA:53,7
DA:54,7
DA:56,7
DA:57,7
DA:59,6
DA:61,6
DA:64,3
DA:65,0
LF:29
LH:25
BRDA:12,0,0,0
BRDA:12,0,1,1
BRDA:12,1,0,1
BRDA:12,1,1,1
BRDA:16,2,0,0
BRDA:16,2,1,1
BRDA:54,3,0,0
BRDA:54,3,1,7
BRDA:57,4,0,1
BRDA:57,4,1,6
BRF:10
BRH:7
end_of_record
TN:
SF:src\controllers\pkmnType.controller.js
FN:3,(anonymous_0)
FNF:1
FNH:0
FNDA:0,(anonymous_0)
DA:1,3
DA:3,3
DA:4,0
DA:6,0
LF:4
LH:2
BRF:0
BRH:0
end_of_record
TN:
SF:src\controllers\pokemon.controller.js
FN:4,(anonymous_0)
FN:14,(anonymous_1)
FN:25,(anonymous_2)
FN:42,(anonymous_3)
FN:53,(anonymous_4)
FN:63,(anonymous_5)
FN:74,(anonymous_6)
FN:85,(anonymous_7)
FNF:8
FNH:7
FNDA:1,(anonymous_0)
FNDA:2,(anonymous_1)
FNDA:1,(anonymous_2)
FNDA:1,(anonymous_3)
FNDA:1,(anonymous_4)
FNDA:1,(anonymous_5)
FNDA:1,(anonymous_6)
FNDA:0,(anonymous_7)
DA:1,3
DA:4,3
DA:5,1
DA:6,1
DA:7,1
DA:9,0
DA:14,3
DA:15,2
DA:16,2
DA:17,2
DA:18,1
DA:20,0
DA:25,3
DA:26,1
DA:27,1
DA:28,1
DA:35,1
DA:37,0
DA:42,3
DA:43,1
DA:44,1
DA:45,1
DA:46,1
DA:48,0
DA:53,3
DA:54,1
DA:55,1
DA:56,1
DA:58,0
DA:63,3
DA:64,1
DA:65,1
DA:66,1
DA:67,1
DA:69,0
DA:74,3
DA:75,1
DA:76,1
DA:77,1
DA:78,1
DA:80,0
DA:85,3
DA:86,0
DA:87,0
DA:88,0
DA:90,0
LF:46
LH:35
BRDA:17,0,0,1
BRDA:17,0,1,1
BRDA:27,1,0,1
BRDA:27,2,0,1
BRDA:45,3,0,0
BRDA:45,3,1,1
BRF:6
BRH:5
end_of_record
TN:
SF:src\controllers\trainer.controller.js
FN:4,(anonymous_0)
FN:23,(anonymous_1)
FN:35,(anonymous_2)
FN:46,(anonymous_3)
FN:59,(anonymous_4)
FNF:5
FNH:5
FNDA:5,(anonymous_0)
FNDA:1,(anonymous_1)
FNDA:1,(anonymous_2)
FNDA:1,(anonymous_3)
FNDA:2,(anonymous_4)
DA:1,3
DA:4,3
DA:5,5
DA:6,5
DA:8,5
DA:14,5
DA:15,5
DA:17,0
DA:18,0
DA:23,3
DA:24,1
DA:25,1
DA:26,1
DA:28,1
DA:30,0
DA:31,0
DA:35,3
DA:36,1
DA:37,1
DA:38,1
DA:40,0
DA:41,0
DA:46,3
DA:47,1
DA:48,1
DA:49,1
DA:51,1
DA:53,0
DA:54,0
DA:59,3
DA:60,2
DA:61,2
DA:62,2
DA:63,0
DA:65,2
DA:66,2
DA:68,2
DA:70,0
DA:71,0
LF:39
LH:28
BRDA:14,0,0,0
BRDA:14,0,1,5
BRDA:14,1,0,5
BRDA:14,1,1,5
BRDA:26,2,0,0
BRDA:26,2,1,1
BRDA:49,3,0,0
BRDA:49,3,1,1
BRDA:62,4,0,0
BRDA:62,4,1,2
BRDA:62,5,0,2
BRDA:62,5,1,2
BRDA:66,6,0,0
BRDA:66,6,1,2
BRF:14
BRH:9
end_of_record
TN:
SF:src\middlewares\auth.middleware.js
FN:3,(anonymous_0)
FNF:1
FNH:1
FNDA:19,(anonymous_0)
DA:1,3
DA:3,3
DA:4,19
DA:5,19
DA:7,18
DA:9,18
DA:10,18
DA:11,18
DA:12,18
DA:14,0
LF:10
LH:9
BRDA:5,0,0,1
BRDA:5,0,1,18
BRF:2
BRH:2
end_of_record
TN:
SF:src\middlewares\role.middleware.js
FN:1,(anonymous_0)
FN:2,(anonymous_1)
FNF:2
FNH:2
FNDA:9,(anonymous_0)
FNDA:2,(anonymous_1)
DA:1,3
DA:2,9
DA:3,2
DA:4,0
DA:5,2
LF:5
LH:4
BRDA:3,0,0,0
BRDA:3,0,1,2
BRF:2
BRH:1
end_of_record
TN:
SF:src\models\pkmnType.model.js
FNF:0
FNH:0
DA:1,4
DA:22,4
LF:2
LH:2
BRF:0
BRH:0
end_of_record
TN:
SF:src\models\pokemon.model.js
FN:14,(anonymous_0)
FNF:1
FNH:1
FNDA:11,(anonymous_0)
DA:1,3
DA:3,3
DA:8,3
DA:14,11
DA:19,3
LF:5
LH:5
BRDA:14,0,0,11
BRDA:14,0,1,11
BRF:2
BRH:2
end_of_record
TN:
SF:src\models\trainer.model.js
FNF:0
FNH:0
DA:1,3
DA:3,3
DA:12,3
LF:3
LH:3
BRF:0
BRH:0
end_of_record
TN:
SF:src\models\user.model.js
FNF:0
FNH:0
DA:1,3
DA:3,3
DA:13,3
LF:3
LH:3
BRF:0
BRH:0
end_of_record
TN:
SF:src\routes\auth.routes.js
FNF:0
FNH:0
DA:1,3
DA:2,3
DA:3,3
DA:4,3
DA:6,3
DA:7,3
DA:8,3
DA:9,3
LF:8
LH:8
BRF:0
BRH:0
end_of_record
TN:
SF:src\routes\index.js
FNF:0
FNH:0
DA:1,3
DA:2,3
DA:4,3
DA:5,3
DA:6,3
DA:8,3
DA:9,3
DA:10,3
DA:12,3
LF:9
LH:9
BRF:0
BRH:0
end_of_record
TN:
SF:src\routes\pokemon.route.js
FN:31,(anonymous_0)
FNF:1
FNH:0
FNDA:0,(anonymous_0)
DA:1,3
DA:2,3
DA:3,3
DA:4,3
DA:5,3
DA:6,3
DA:9,3
DA:13,3
DA:16,3
DA:19,3
DA:22,3
DA:25,3
DA:28,3
DA:29,3
DA:31,3
DA:32,0
DA:33,0
DA:34,0
DA:36,0
DA:41,3
LF:20
LH:16
BRF:0
BRH:0
end_of_record
TN:
SF:src\routes\trainer.routes.js
FNF:0
FNH:0
DA:1,3
DA:2,3
DA:3,3
DA:4,3
DA:7,3
DA:8,3
DA:9,3
DA:10,3
DA:13,3
DA:15,3
LF:10
LH:10
BRF:0
BRH:0
end_of_record
TN:
SF:src\services\pkmnType.service.js
FN:3,(anonymous_0)
FNF:1
FNH:1
FNDA:4,(anonymous_0)
DA:1,4
DA:3,4
DA:4,4
LF:3
LH:3
BRF:0
BRH:0
end_of_record
TN:
SF:src\services\pokemon.service.js
FN:5,(anonymous_0)
FN:9,(anonymous_1)
FN:15,(anonymous_2)
FN:29,(anonymous_3)
FN:33,(anonymous_4)
FN:37,(anonymous_5)
FN:41,(anonymous_6)
FN:52,(anonymous_7)
FN:56,(anonymous_8)
FN:65,(anonymous_9)
FN:69,(anonymous_10)
FN:73,(anonymous_11)
FN:85,(anonymous_12)
FNF:13
FNH:8
FNDA:1,(anonymous_0)
FNDA:2,(anonymous_1)
FNDA:1,(anonymous_2)
FNDA:1,(anonymous_3)
FNDA:1,(anonymous_4)
FNDA:1,(anonymous_5)
FNDA:0,(anonymous_6)
FNDA:1,(anonymous_7)
FNDA:1,(anonymous_8)
FNDA:0,(anonymous_9)
FNDA:0,(anonymous_10)
FNDA:0,(anonymous_11)
FNDA:0,(anonymous_12)
DA:1,3
DA:2,3
DA:5,3
DA:6,1
DA:9,3
DA:10,2
DA:11,2
DA:12,0
DA:15,3
DA:16,1
DA:17,1
DA:18,1
DA:20,1
DA:22,1
DA:23,1
DA:24,1
DA:26,1
DA:29,3
DA:30,1
DA:33,3
DA:34,1
DA:37,3
DA:38,1
DA:39,1
DA:41,1
DA:42,1
DA:43,0
DA:45,1
DA:48,1
DA:49,1
DA:52,3
DA:53,1
DA:54,1
DA:56,1
DA:57,1
DA:61,3
DA:62,3
DA:63,3
DA:65,3
DA:66,0
DA:67,0
DA:68,0
DA:69,0
DA:71,0
DA:72,0
DA:73,0
DA:74,0
DA:75,0
DA:76,0
DA:78,0
DA:81,0
DA:85,0
DA:90,0
DA:91,0
DA:94,0
DA:98,3
LF:56
LH:38
BRDA:10,0,0,0
BRDA:10,0,1,2
BRDA:11,1,0,2
BRDA:11,1,1,0
BRDA:15,2,0,0
BRDA:15,3,0,0
BRDA:17,4,0,1
BRDA:17,4,1,0
BRDA:17,5,0,1
BRDA:17,5,1,0
BRDA:20,6,0,1
BRDA:20,6,1,0
BRDA:39,7,0,0
BRDA:39,7,1,1
BRDA:42,8,0,0
BRDA:42,8,1,1
BRDA:54,9,0,0
BRDA:54,9,1,1
BRDA:74,10,0,0
BRDA:74,10,1,0
BRDA:78,11,0,0
BRDA:78,11,1,0
BRDA:78,11,2,0
BRDA:91,12,0,0
BRDA:91,12,1,0
BRF:25
BRH:8
end_of_record
TN:
SF:src\services\trainer.service.js
FN:6,(anonymous_0)
FN:12,(anonymous_1)
FN:27,(anonymous_2)
FN:42,(anonymous_3)
FN:50,(anonymous_4)
FN:58,(anonymous_5)
FNF:6
FNH:6
FNDA:10,(anonymous_0)
FNDA:4,(anonymous_1)
FNDA:5,(anonymous_2)
FNDA:1,(anonymous_3)
FNDA:1,(anonymous_4)
FNDA:2,(anonymous_5)
DA:1,3
DA:2,3
DA:7,10
DA:8,10
DA:13,4
DA:14,4
DA:15,0
DA:23,4
DA:28,5
DA:29,5
DA:31,5
DA:39,5
DA:43,1
DA:44,1
DA:45,1
DA:46,1
DA:51,1
DA:52,1
DA:54,1
DA:55,1
DA:59,2
DA:60,2
DA:61,2
DA:63,2
DA:64,1
DA:66,1
DA:69,2
DA:70,2
DA:74,3
LF:29
LH:28
BRDA:7,0,0,0
BRDA:7,0,1,10
BRDA:14,1,0,0
BRDA:14,1,1,4
BRDA:27,2,0,0
BRDA:29,3,0,0
BRDA:29,3,1,5
BRDA:33,4,0,5
BRDA:33,4,1,0
BRDA:52,5,0,0
BRDA:52,5,1,1
BRDA:61,6,0,0
BRDA:61,6,1,2
BRDA:63,7,0,1
BRDA:63,7,1,1
BRDA:64,8,0,1
BRDA:64,8,1,0
BRDA:66,9,0,1
BRDA:66,9,1,0
BRF:19
BRH:10
end_of_record
